{"name": "test_main_activities_buttons", "status": "broken", "statusDetails": {"message": "selenium.common.exceptions.NoSuchElementException: Message: no such element: Unable to locate element: {\"method\":\"xpath\",\"selector\":\"//div[@id=\"tns2-iw\"]\"}\n  (Session info: chrome=131.0.6778.108); For documentation on this error, please visit: https://www.selenium.dev/documentation/webdriver/troubleshooting/errors#no-such-element-exception\nStacktrace:\n#0 0x6446fa1c331a <unknown>\n#1 0x6446f9cd96e0 <unknown>\n#2 0x6446f9d283e6 <unknown>\n#3 0x6446f9d28681 <unknown>\n#4 0x6446f9d6db04 <unknown>\n#5 0x6446f9d4c48d <unknown>\n#6 0x6446f9d6aed7 <unknown>\n#7 0x6446f9d4c203 <unknown>\n#8 0x6446f9d1acc0 <unknown>\n#9 0x6446f9d1bc9e <unknown>\n#10 0x6446fa190d0b <unknown>\n#11 0x6446fa194c92 <unknown>\n#12 0x6446fa17db3c <unknown>\n#13 0x6446fa195807 <unknown>\n#14 0x6446fa1630df <unknown>\n#15 0x6446fa1b2578 <unknown>\n#16 0x6446fa1b2740 <unknown>\n#17 0x6446fa1c2196 <unknown>\n#18 0x761aba69ca94 <unknown>\n#19 0x761aba729c3c <unknown>", "trace": "web_browser = <selenium.webdriver.chrome.webdriver.WebDriver (session=\"3e7ebe78514879c86a9a178b789224c8\")>\n\n    @allure.story('Тест для проверки главной страницы')\n    @allure.feature('Проверка кнопок Our focus, Our grants, Our learnings')\n    def test_main_activities_buttons(web_browser):\n        page = MainPage(web_browser)\n        page.btn_pip_up_сookies.click()\n        element_button = [\n            (page.btn_our_focus_more_button,\"\",\"https://ikeafoundation.org/focus\"),\n            (page.btn_our_grands_more_buttons,\"Learn more\",\"https://ikeafoundation.org/grants/\"),\n            (page.btn_our_learnings_more_button,\"Learn more\",\"https://ikeafoundation.org/learnings/\"),\n        ]\n    \n        element = web_browser.find_element(By.XPATH, '//div[@class=\"entry__inner padded container has-parent-\"]')\n        web_browser.execute_script(\"arguments[0].scrollIntoView(true);\", element)\n        time.sleep(2)\n        with allure.step(\"проверка на видимость\"):\n            check.is_true(page.btn_our_focus_more_button.is_visible())\n        page.btn_our_focus_more_button.click()\n        web_browser.back()\n>       element = web_browser.find_element(By.XPATH, '//div[@id=\"tns2-iw\"]')\n\ntests/test_main_page.py:223: \n_ _ _ _ _ _ _ _ _ _ _ _ _ _ _ _ _ _ _ _ _ _ _ _ _ _ _ _ _ _ _ _ _ _ _ _ _ _ _ _ \n/home/mike/.local/lib/python3.10/site-packages/selenium/webdriver/remote/webdriver.py:770: in find_element\n    return self.execute(Command.FIND_ELEMENT, {\"using\": by, \"value\": value})[\"value\"]\n/home/mike/.local/lib/python3.10/site-packages/selenium/webdriver/remote/webdriver.py:384: in execute\n    self.error_handler.check_response(response)\n_ _ _ _ _ _ _ _ _ _ _ _ _ _ _ _ _ _ _ _ _ _ _ _ _ _ _ _ _ _ _ _ _ _ _ _ _ _ _ _ \n\nself = <selenium.webdriver.remote.errorhandler.ErrorHandler object at 0x74556526a470>\nresponse = {'status': 404, 'value': '{\"value\":{\"error\":\"no such element\",\"message\":\"no such element: Unable to locate element: {\\...\\\\n#17 0x6446fa1c2196 \\\\u003Cunknown>\\\\n#18 0x761aba69ca94 \\\\u003Cunknown>\\\\n#19 0x761aba729c3c \\\\u003Cunknown>\\\\n\"}}'}\n\n    def check_response(self, response: Dict[str, Any]) -> None:\n        \"\"\"Checks that a JSON response from the WebDriver does not have an\n        error.\n    \n        :Args:\n         - response - The JSON response from the WebDriver server as a dictionary\n           object.\n    \n        :Raises: If the response contains an error message.\n        \"\"\"\n        status = response.get(\"status\", None)\n        if not status or status == ErrorCode.SUCCESS:\n            return\n        value = None\n        message = response.get(\"message\", \"\")\n        screen: str = response.get(\"screen\", \"\")\n        stacktrace = None\n        if isinstance(status, int):\n            value_json = response.get(\"value\", None)\n            if value_json and isinstance(value_json, str):\n                import json\n    \n                try:\n                    value = json.loads(value_json)\n                    if len(value) == 1:\n                        value = value[\"value\"]\n                    status = value.get(\"error\", None)\n                    if not status:\n                        status = value.get(\"status\", ErrorCode.UNKNOWN_ERROR)\n                        message = value.get(\"value\") or value.get(\"message\")\n                        if not isinstance(message, str):\n                            value = message\n                            message = message.get(\"message\")\n                    else:\n                        message = value.get(\"message\", None)\n                except ValueError:\n                    pass\n    \n        exception_class: Type[WebDriverException]\n        e = ErrorCode()\n        error_codes = [item for item in dir(e) if not item.startswith(\"__\")]\n        for error_code in error_codes:\n            error_info = getattr(ErrorCode, error_code)\n            if isinstance(error_info, list) and status in error_info:\n                exception_class = getattr(ExceptionMapping, error_code, WebDriverException)\n                break\n        else:\n            exception_class = WebDriverException\n    \n        if not value:\n            value = response[\"value\"]\n        if isinstance(value, str):\n            raise exception_class(value)\n        if message == \"\" and \"message\" in value:\n            message = value[\"message\"]\n    \n        screen = None  # type: ignore[assignment]\n        if \"screen\" in value:\n            screen = value[\"screen\"]\n    \n        stacktrace = None\n        st_value = value.get(\"stackTrace\") or value.get(\"stacktrace\")\n        if st_value:\n            if isinstance(st_value, str):\n                stacktrace = st_value.split(\"\\n\")\n            else:\n                stacktrace = []\n                try:\n                    for frame in st_value:\n                        line = frame.get(\"lineNumber\", \"\")\n                        file = frame.get(\"fileName\", \"<anonymous>\")\n                        if line:\n                            file = f\"{file}:{line}\"\n                        meth = frame.get(\"methodName\", \"<anonymous>\")\n                        if \"className\" in frame:\n                            meth = f\"{frame['className']}.{meth}\"\n                        msg = \"    at %s (%s)\"\n                        msg = msg % (meth, file)\n                        stacktrace.append(msg)\n                except TypeError:\n                    pass\n        if exception_class == UnexpectedAlertPresentException:\n            alert_text = None\n            if \"data\" in value:\n                alert_text = value[\"data\"].get(\"text\")\n            elif \"alert\" in value:\n                alert_text = value[\"alert\"].get(\"text\")\n            raise exception_class(message, screen, stacktrace, alert_text)  # type: ignore[call-arg]  # mypy is not smart enough here\n>       raise exception_class(message, screen, stacktrace)\nE       selenium.common.exceptions.NoSuchElementException: Message: no such element: Unable to locate element: {\"method\":\"xpath\",\"selector\":\"//div[@id=\"tns2-iw\"]\"}\nE         (Session info: chrome=131.0.6778.108); For documentation on this error, please visit: https://www.selenium.dev/documentation/webdriver/troubleshooting/errors#no-such-element-exception\nE       Stacktrace:\nE       #0 0x6446fa1c331a <unknown>\nE       #1 0x6446f9cd96e0 <unknown>\nE       #2 0x6446f9d283e6 <unknown>\nE       #3 0x6446f9d28681 <unknown>\nE       #4 0x6446f9d6db04 <unknown>\nE       #5 0x6446f9d4c48d <unknown>\nE       #6 0x6446f9d6aed7 <unknown>\nE       #7 0x6446f9d4c203 <unknown>\nE       #8 0x6446f9d1acc0 <unknown>\nE       #9 0x6446f9d1bc9e <unknown>\nE       #10 0x6446fa190d0b <unknown>\nE       #11 0x6446fa194c92 <unknown>\nE       #12 0x6446fa17db3c <unknown>\nE       #13 0x6446fa195807 <unknown>\nE       #14 0x6446fa1630df <unknown>\nE       #15 0x6446fa1b2578 <unknown>\nE       #16 0x6446fa1b2740 <unknown>\nE       #17 0x6446fa1c2196 <unknown>\nE       #18 0x761aba69ca94 <unknown>\nE       #19 0x761aba729c3c <unknown>\n\n/home/mike/.local/lib/python3.10/site-packages/selenium/webdriver/remote/errorhandler.py:232: NoSuchElementException"}, "steps": [{"name": "проверка на видимость", "status": "passed", "start": 1734545649217, "stop": 1734545649240}], "start": 1734545633373, "stop": 1734545732390, "uuid": "8f58f53e-7d68-470a-9279-6d5c5d4fee8c", "historyId": "12de61a23444fe285e619feea6cddd81", "testCaseId": "12de61a23444fe285e619feea6cddd81", "fullName": "tests.test_main_page#test_main_activities_buttons", "labels": [{"name": "feature", "value": "Проверка кнопок Our focus, Our grants, Our learnings"}, {"name": "story", "value": "Тест для проверки главной страницы"}, {"name": "parentSuite", "value": "tests"}, {"name": "suite", "value": "test_main_page"}, {"name": "host", "value": "mike-IdeaPad-Gaming-3-15ARH7"}, {"name": "thread", "value": "22340-MainThread"}, {"name": "framework", "value": "pytest"}, {"name": "language", "value": "cpython3"}, {"name": "package", "value": "tests.test_main_page"}]}